[contactor] ERROR 2024-10-26 18:52:01,186 Page not found for GET ///
[contactor] ERROR 2024-10-26 18:52:01,186 Page not found for GET ///
[contactor] ERROR 2024-10-26 18:52:33,670 Page not found for GET //
[contactor] ERROR 2024-10-26 18:52:33,670 Page not found for GET //
[contactor] ERROR 2024-10-26 19:29:52,415 Username "demo" does not exist
[contactor] ERROR 2024-10-26 19:29:52,415 Username "demo" does not exist
[contactor] ERROR 2024-10-26 19:29:52,416 Username "demo" does not exist
[contactor] ERROR 2024-10-26 19:29:52,416 Username "demo" does not exist
[contactor] ERROR 2024-10-26 19:31:56,415 Username "demo" does not exist
[contactor] ERROR 2024-10-26 19:31:56,415 Username "demo" does not exist
[contactor] ERROR 2024-10-26 19:31:59,898 Participant with username "demo" already added
[contactor] ERROR 2024-10-26 19:31:59,898 Participant with username "demo" already added
[contactor] ERROR 2024-10-26 19:31:59,899 Participant with username "demo" already added
[contactor] ERROR 2024-10-26 19:31:59,899 Participant with username "demo" already added
[contactor] ERROR 2024-10-26 19:33:20,646 <div class="error">Participant with username "demo" already added</div>
[contactor] ERROR 2024-10-26 19:33:20,646 <div class="error">Participant with username "demo" already added</div>
[contactor] ERROR 2024-10-26 19:33:20,647 <div class="error">Participant with username "demo" already added</div>
[contactor] ERROR 2024-10-26 19:33:20,647 <div class="error">Participant with username "demo" already added</div>
[contactor] ERROR 2024-10-26 19:34:41,540 <div class="error">Participant with username "demo" already added</div>
[contactor] ERROR 2024-10-26 19:34:41,540 <div class="error">Participant with username "demo" already added</div>
[contactor] ERROR 2024-10-26 19:34:41,540 <div class="error">Participant with username "demo" already added</div>
[contactor] ERROR 2024-10-26 19:34:41,540 <div class="error">Participant with username "demo" already added</div>
